CRITICAL - 2024-11-28 03:18:25 --> BadMethodCallException: Call to undefined method App\Models\Products_model::order_by
[Method: GET, Route: product-list]
in SYSTEMPATH\Model.php on line 932.
 1 APPPATH\Controllers\Products.php(18): CodeIgniter\Model->__call('order_by', [...])
 2 SYSTEMPATH\CodeIgniter.php(933): App\Controllers\Products->index()
 3 SYSTEMPATH\CodeIgniter.php(509): CodeIgniter\CodeIgniter->runController(Object(App\Controllers\Products))
 4 SYSTEMPATH\CodeIgniter.php(355): CodeIgniter\CodeIgniter->handleRequest(null, Object(Config\Cache), false)
 5 SYSTEMPATH\Boot.php(325): CodeIgniter\CodeIgniter->run()
 6 SYSTEMPATH\Boot.php(67): CodeIgniter\Boot::runCodeIgniter(Object(CodeIgniter\CodeIgniter))
 7 FCPATH\index.php(56): CodeIgniter\Boot::bootWeb(Object(Config\Paths))
CRITICAL - 2024-11-28 03:18:31 --> BadMethodCallException: Call to undefined method App\Models\Products_model::order_by
[Method: GET, Route: product-list]
in SYSTEMPATH\Model.php on line 932.
 1 APPPATH\Controllers\Products.php(18): CodeIgniter\Model->__call('order_by', [...])
 2 SYSTEMPATH\CodeIgniter.php(933): App\Controllers\Products->index()
 3 SYSTEMPATH\CodeIgniter.php(509): CodeIgniter\CodeIgniter->runController(Object(App\Controllers\Products))
 4 SYSTEMPATH\CodeIgniter.php(355): CodeIgniter\CodeIgniter->handleRequest(null, Object(Config\Cache), false)
 5 SYSTEMPATH\Boot.php(325): CodeIgniter\CodeIgniter->run()
 6 SYSTEMPATH\Boot.php(67): CodeIgniter\Boot::runCodeIgniter(Object(CodeIgniter\CodeIgniter))
 7 FCPATH\index.php(56): CodeIgniter\Boot::bootWeb(Object(Config\Paths))
ERROR - 2024-11-28 20:39:45 --> mysqli_sql_exception: Unknown column 'pd.name' in 'field list' in E:\xampp8.2\htdocs\test_cdnt\system\Database\MySQLi\Connection.php:312
Stack trace:
#0 E:\xampp8.2\htdocs\test_cdnt\system\Database\MySQLi\Connection.php(312): mysqli->query('SELECT `pd`.`na...', 0)
#1 E:\xampp8.2\htdocs\test_cdnt\system\Database\BaseConnection.php(734): CodeIgniter\Database\MySQLi\Connection->execute('SELECT `pd`.`na...')
#2 E:\xampp8.2\htdocs\test_cdnt\system\Database\BaseConnection.php(648): CodeIgniter\Database\BaseConnection->simpleQuery('SELECT `pd`.`na...')
#3 E:\xampp8.2\htdocs\test_cdnt\system\Database\BaseBuilder.php(1644): CodeIgniter\Database\BaseConnection->query('SELECT `pd`.`na...', Array, false)
#4 E:\xampp8.2\htdocs\test_cdnt\system\Model.php(286): CodeIgniter\Database\BaseBuilder->get()
#5 E:\xampp8.2\htdocs\test_cdnt\system\BaseModel.php(676): CodeIgniter\Model->doFindAll(0, 0)
#6 E:\xampp8.2\htdocs\test_cdnt\app\Controllers\Products.php(23): CodeIgniter\BaseModel->findAll()
#7 E:\xampp8.2\htdocs\test_cdnt\system\CodeIgniter.php(933): App\Controllers\Products->index()
#8 E:\xampp8.2\htdocs\test_cdnt\system\CodeIgniter.php(509): CodeIgniter\CodeIgniter->runController(Object(App\Controllers\Products))
#9 E:\xampp8.2\htdocs\test_cdnt\system\CodeIgniter.php(355): CodeIgniter\CodeIgniter->handleRequest(NULL, Object(Config\Cache), false)
#10 E:\xampp8.2\htdocs\test_cdnt\system\Boot.php(325): CodeIgniter\CodeIgniter->run()
#11 E:\xampp8.2\htdocs\test_cdnt\system\Boot.php(67): CodeIgniter\Boot::runCodeIgniter(Object(CodeIgniter\CodeIgniter))
#12 E:\xampp8.2\htdocs\test_cdnt\index.php(56): CodeIgniter\Boot::bootWeb(Object(Config\Paths))
#13 {main}
CRITICAL - 2024-11-28 20:39:45 --> CodeIgniter\Database\Exceptions\DatabaseException: Unknown column 'pd.name' in 'field list'
[Method: GET, Route: product-list]
in SYSTEMPATH\Database\BaseConnection.php on line 688.
 1 SYSTEMPATH\Database\BaseBuilder.php(1644): CodeIgniter\Database\BaseConnection->query('SELECT `pd`.`name`, `pd`.`price`, `pd`.`stock_status`, `pd`.`created_at`, `pc`.`item`, `us`.`name`
FROM `products`
LEFT JOIN `product_category` `pc` ON `pd`.`category_id`=`pc`.`id`
LEFT JOIN `users` `us` ON `pd`.`created_by`=`us`.`id`
ORDER BY `pd`.`id` ASC', [], false)
 2 SYSTEMPATH\Model.php(286): CodeIgniter\Database\BaseBuilder->get()
 3 SYSTEMPATH\BaseModel.php(676): CodeIgniter\Model->doFindAll(0, 0)
 4 APPPATH\Controllers\Products.php(23): CodeIgniter\BaseModel->findAll()
 5 SYSTEMPATH\CodeIgniter.php(933): App\Controllers\Products->index()
 6 SYSTEMPATH\CodeIgniter.php(509): CodeIgniter\CodeIgniter->runController(Object(App\Controllers\Products))
 7 SYSTEMPATH\CodeIgniter.php(355): CodeIgniter\CodeIgniter->handleRequest(null, Object(Config\Cache), false)
 8 SYSTEMPATH\Boot.php(325): CodeIgniter\CodeIgniter->run()
 9 SYSTEMPATH\Boot.php(67): CodeIgniter\Boot::runCodeIgniter(Object(CodeIgniter\CodeIgniter))
10 FCPATH\index.php(56): CodeIgniter\Boot::bootWeb(Object(Config\Paths))
CRITICAL - 2024-11-28 20:39:45 --> [Caused by] CodeIgniter\Database\Exceptions\DatabaseException: Unknown column 'pd.name' in 'field list'
in SYSTEMPATH\Database\MySQLi\Connection.php on line 317.
 1 SYSTEMPATH\Database\BaseConnection.php(734): CodeIgniter\Database\MySQLi\Connection->execute('SELECT `pd`.`name`, `pd`.`price`, `pd`.`stock_status`, `pd`.`created_at`, `pc`.`item`, `us`.`name`
FROM `products`
LEFT JOIN `product_category` `pc` ON `pd`.`category_id`=`pc`.`id`
LEFT JOIN `users` `us` ON `pd`.`created_by`=`us`.`id`
ORDER BY `pd`.`id` ASC')
 2 SYSTEMPATH\Database\BaseConnection.php(648): CodeIgniter\Database\BaseConnection->simpleQuery('SELECT `pd`.`name`, `pd`.`price`, `pd`.`stock_status`, `pd`.`created_at`, `pc`.`item`, `us`.`name`
FROM `products`
LEFT JOIN `product_category` `pc` ON `pd`.`category_id`=`pc`.`id`
LEFT JOIN `users` `us` ON `pd`.`created_by`=`us`.`id`
ORDER BY `pd`.`id` ASC')
 3 SYSTEMPATH\Database\BaseBuilder.php(1644): CodeIgniter\Database\BaseConnection->query('SELECT `pd`.`name`, `pd`.`price`, `pd`.`stock_status`, `pd`.`created_at`, `pc`.`item`, `us`.`name`
FROM `products`
LEFT JOIN `product_category` `pc` ON `pd`.`category_id`=`pc`.`id`
LEFT JOIN `users` `us` ON `pd`.`created_by`=`us`.`id`
ORDER BY `pd`.`id` ASC', [], false)
 4 SYSTEMPATH\Model.php(286): CodeIgniter\Database\BaseBuilder->get()
 5 SYSTEMPATH\BaseModel.php(676): CodeIgniter\Model->doFindAll(0, 0)
 6 APPPATH\Controllers\Products.php(23): CodeIgniter\BaseModel->findAll()
 7 SYSTEMPATH\CodeIgniter.php(933): App\Controllers\Products->index()
 8 SYSTEMPATH\CodeIgniter.php(509): CodeIgniter\CodeIgniter->runController(Object(App\Controllers\Products))
 9 SYSTEMPATH\CodeIgniter.php(355): CodeIgniter\CodeIgniter->handleRequest(null, Object(Config\Cache), false)
10 SYSTEMPATH\Boot.php(325): CodeIgniter\CodeIgniter->run()
11 SYSTEMPATH\Boot.php(67): CodeIgniter\Boot::runCodeIgniter(Object(CodeIgniter\CodeIgniter))
12 FCPATH\index.php(56): CodeIgniter\Boot::bootWeb(Object(Config\Paths))
CRITICAL - 2024-11-28 20:39:45 --> [Caused by] mysqli_sql_exception: Unknown column 'pd.name' in 'field list'
in SYSTEMPATH\Database\MySQLi\Connection.php on line 312.
 1 SYSTEMPATH\Database\MySQLi\Connection.php(312): mysqli->query('SELECT `pd`.`name`, `pd`.`price`, `pd`.`stock_status`, `pd`.`created_at`, `pc`.`item`, `us`.`name`
FROM `products`
LEFT JOIN `product_category` `pc` ON `pd`.`category_id`=`pc`.`id`
LEFT JOIN `users` `us` ON `pd`.`created_by`=`us`.`id`
ORDER BY `pd`.`id` ASC', 0)
 2 SYSTEMPATH\Database\BaseConnection.php(734): CodeIgniter\Database\MySQLi\Connection->execute('SELECT `pd`.`name`, `pd`.`price`, `pd`.`stock_status`, `pd`.`created_at`, `pc`.`item`, `us`.`name`
FROM `products`
LEFT JOIN `product_category` `pc` ON `pd`.`category_id`=`pc`.`id`
LEFT JOIN `users` `us` ON `pd`.`created_by`=`us`.`id`
ORDER BY `pd`.`id` ASC')
 3 SYSTEMPATH\Database\BaseConnection.php(648): CodeIgniter\Database\BaseConnection->simpleQuery('SELECT `pd`.`name`, `pd`.`price`, `pd`.`stock_status`, `pd`.`created_at`, `pc`.`item`, `us`.`name`
FROM `products`
LEFT JOIN `product_category` `pc` ON `pd`.`category_id`=`pc`.`id`
LEFT JOIN `users` `us` ON `pd`.`created_by`=`us`.`id`
ORDER BY `pd`.`id` ASC')
 4 SYSTEMPATH\Database\BaseBuilder.php(1644): CodeIgniter\Database\BaseConnection->query('SELECT `pd`.`name`, `pd`.`price`, `pd`.`stock_status`, `pd`.`created_at`, `pc`.`item`, `us`.`name`
FROM `products`
LEFT JOIN `product_category` `pc` ON `pd`.`category_id`=`pc`.`id`
LEFT JOIN `users` `us` ON `pd`.`created_by`=`us`.`id`
ORDER BY `pd`.`id` ASC', [], false)
 5 SYSTEMPATH\Model.php(286): CodeIgniter\Database\BaseBuilder->get()
 6 SYSTEMPATH\BaseModel.php(676): CodeIgniter\Model->doFindAll(0, 0)
 7 APPPATH\Controllers\Products.php(23): CodeIgniter\BaseModel->findAll()
 8 SYSTEMPATH\CodeIgniter.php(933): App\Controllers\Products->index()
 9 SYSTEMPATH\CodeIgniter.php(509): CodeIgniter\CodeIgniter->runController(Object(App\Controllers\Products))
10 SYSTEMPATH\CodeIgniter.php(355): CodeIgniter\CodeIgniter->handleRequest(null, Object(Config\Cache), false)
11 SYSTEMPATH\Boot.php(325): CodeIgniter\CodeIgniter->run()
12 SYSTEMPATH\Boot.php(67): CodeIgniter\Boot::runCodeIgniter(Object(CodeIgniter\CodeIgniter))
13 FCPATH\index.php(56): CodeIgniter\Boot::bootWeb(Object(Config\Paths))
ERROR - 2024-11-28 20:40:36 --> mysqli_sql_exception: Unknown column 'pd.name' in 'field list' in E:\xampp8.2\htdocs\test_cdnt\system\Database\MySQLi\Connection.php:312
Stack trace:
#0 E:\xampp8.2\htdocs\test_cdnt\system\Database\MySQLi\Connection.php(312): mysqli->query('SELECT `pd`.`na...', 0)
#1 E:\xampp8.2\htdocs\test_cdnt\system\Database\BaseConnection.php(734): CodeIgniter\Database\MySQLi\Connection->execute('SELECT `pd`.`na...')
#2 E:\xampp8.2\htdocs\test_cdnt\system\Database\BaseConnection.php(648): CodeIgniter\Database\BaseConnection->simpleQuery('SELECT `pd`.`na...')
#3 E:\xampp8.2\htdocs\test_cdnt\system\Database\BaseBuilder.php(1644): CodeIgniter\Database\BaseConnection->query('SELECT `pd`.`na...', Array, false)
#4 E:\xampp8.2\htdocs\test_cdnt\system\Model.php(286): CodeIgniter\Database\BaseBuilder->get()
#5 E:\xampp8.2\htdocs\test_cdnt\system\BaseModel.php(676): CodeIgniter\Model->doFindAll(0, 0)
#6 E:\xampp8.2\htdocs\test_cdnt\app\Controllers\Products.php(23): CodeIgniter\BaseModel->findAll()
#7 E:\xampp8.2\htdocs\test_cdnt\system\CodeIgniter.php(933): App\Controllers\Products->index()
#8 E:\xampp8.2\htdocs\test_cdnt\system\CodeIgniter.php(509): CodeIgniter\CodeIgniter->runController(Object(App\Controllers\Products))
#9 E:\xampp8.2\htdocs\test_cdnt\system\CodeIgniter.php(355): CodeIgniter\CodeIgniter->handleRequest(NULL, Object(Config\Cache), false)
#10 E:\xampp8.2\htdocs\test_cdnt\system\Boot.php(325): CodeIgniter\CodeIgniter->run()
#11 E:\xampp8.2\htdocs\test_cdnt\system\Boot.php(67): CodeIgniter\Boot::runCodeIgniter(Object(CodeIgniter\CodeIgniter))
#12 E:\xampp8.2\htdocs\test_cdnt\index.php(56): CodeIgniter\Boot::bootWeb(Object(Config\Paths))
#13 {main}
CRITICAL - 2024-11-28 20:40:36 --> CodeIgniter\Database\Exceptions\DatabaseException: Unknown column 'pd.name' in 'field list'
[Method: GET, Route: product-list]
in SYSTEMPATH\Database\BaseConnection.php on line 688.
 1 SYSTEMPATH\Database\BaseBuilder.php(1644): CodeIgniter\Database\BaseConnection->query('SELECT `pd`.`name`, `pd`.`price`, `pd`.`stock_status`, `pd`.`created_at`, `pc`.`item`, `us`.`name`
FROM `products`
LEFT JOIN `product_category` `pc` ON `pd`.`category_id`=`pc`.`id`
LEFT JOIN `users` `us` ON `pd`.`created_by`=`us`.`id`
ORDER BY `pd`.`id` ASC', [], false)
 2 SYSTEMPATH\Model.php(286): CodeIgniter\Database\BaseBuilder->get()
 3 SYSTEMPATH\BaseModel.php(676): CodeIgniter\Model->doFindAll(0, 0)
 4 APPPATH\Controllers\Products.php(23): CodeIgniter\BaseModel->findAll()
 5 SYSTEMPATH\CodeIgniter.php(933): App\Controllers\Products->index()
 6 SYSTEMPATH\CodeIgniter.php(509): CodeIgniter\CodeIgniter->runController(Object(App\Controllers\Products))
 7 SYSTEMPATH\CodeIgniter.php(355): CodeIgniter\CodeIgniter->handleRequest(null, Object(Config\Cache), false)
 8 SYSTEMPATH\Boot.php(325): CodeIgniter\CodeIgniter->run()
 9 SYSTEMPATH\Boot.php(67): CodeIgniter\Boot::runCodeIgniter(Object(CodeIgniter\CodeIgniter))
10 FCPATH\index.php(56): CodeIgniter\Boot::bootWeb(Object(Config\Paths))
CRITICAL - 2024-11-28 20:40:36 --> [Caused by] CodeIgniter\Database\Exceptions\DatabaseException: Unknown column 'pd.name' in 'field list'
in SYSTEMPATH\Database\MySQLi\Connection.php on line 317.
 1 SYSTEMPATH\Database\BaseConnection.php(734): CodeIgniter\Database\MySQLi\Connection->execute('SELECT `pd`.`name`, `pd`.`price`, `pd`.`stock_status`, `pd`.`created_at`, `pc`.`item`, `us`.`name`
FROM `products`
LEFT JOIN `product_category` `pc` ON `pd`.`category_id`=`pc`.`id`
LEFT JOIN `users` `us` ON `pd`.`created_by`=`us`.`id`
ORDER BY `pd`.`id` ASC')
 2 SYSTEMPATH\Database\BaseConnection.php(648): CodeIgniter\Database\BaseConnection->simpleQuery('SELECT `pd`.`name`, `pd`.`price`, `pd`.`stock_status`, `pd`.`created_at`, `pc`.`item`, `us`.`name`
FROM `products`
LEFT JOIN `product_category` `pc` ON `pd`.`category_id`=`pc`.`id`
LEFT JOIN `users` `us` ON `pd`.`created_by`=`us`.`id`
ORDER BY `pd`.`id` ASC')
 3 SYSTEMPATH\Database\BaseBuilder.php(1644): CodeIgniter\Database\BaseConnection->query('SELECT `pd`.`name`, `pd`.`price`, `pd`.`stock_status`, `pd`.`created_at`, `pc`.`item`, `us`.`name`
FROM `products`
LEFT JOIN `product_category` `pc` ON `pd`.`category_id`=`pc`.`id`
LEFT JOIN `users` `us` ON `pd`.`created_by`=`us`.`id`
ORDER BY `pd`.`id` ASC', [], false)
 4 SYSTEMPATH\Model.php(286): CodeIgniter\Database\BaseBuilder->get()
 5 SYSTEMPATH\BaseModel.php(676): CodeIgniter\Model->doFindAll(0, 0)
 6 APPPATH\Controllers\Products.php(23): CodeIgniter\BaseModel->findAll()
 7 SYSTEMPATH\CodeIgniter.php(933): App\Controllers\Products->index()
 8 SYSTEMPATH\CodeIgniter.php(509): CodeIgniter\CodeIgniter->runController(Object(App\Controllers\Products))
 9 SYSTEMPATH\CodeIgniter.php(355): CodeIgniter\CodeIgniter->handleRequest(null, Object(Config\Cache), false)
10 SYSTEMPATH\Boot.php(325): CodeIgniter\CodeIgniter->run()
11 SYSTEMPATH\Boot.php(67): CodeIgniter\Boot::runCodeIgniter(Object(CodeIgniter\CodeIgniter))
12 FCPATH\index.php(56): CodeIgniter\Boot::bootWeb(Object(Config\Paths))
CRITICAL - 2024-11-28 20:40:36 --> [Caused by] mysqli_sql_exception: Unknown column 'pd.name' in 'field list'
in SYSTEMPATH\Database\MySQLi\Connection.php on line 312.
 1 SYSTEMPATH\Database\MySQLi\Connection.php(312): mysqli->query('SELECT `pd`.`name`, `pd`.`price`, `pd`.`stock_status`, `pd`.`created_at`, `pc`.`item`, `us`.`name`
FROM `products`
LEFT JOIN `product_category` `pc` ON `pd`.`category_id`=`pc`.`id`
LEFT JOIN `users` `us` ON `pd`.`created_by`=`us`.`id`
ORDER BY `pd`.`id` ASC', 0)
 2 SYSTEMPATH\Database\BaseConnection.php(734): CodeIgniter\Database\MySQLi\Connection->execute('SELECT `pd`.`name`, `pd`.`price`, `pd`.`stock_status`, `pd`.`created_at`, `pc`.`item`, `us`.`name`
FROM `products`
LEFT JOIN `product_category` `pc` ON `pd`.`category_id`=`pc`.`id`
LEFT JOIN `users` `us` ON `pd`.`created_by`=`us`.`id`
ORDER BY `pd`.`id` ASC')
 3 SYSTEMPATH\Database\BaseConnection.php(648): CodeIgniter\Database\BaseConnection->simpleQuery('SELECT `pd`.`name`, `pd`.`price`, `pd`.`stock_status`, `pd`.`created_at`, `pc`.`item`, `us`.`name`
FROM `products`
LEFT JOIN `product_category` `pc` ON `pd`.`category_id`=`pc`.`id`
LEFT JOIN `users` `us` ON `pd`.`created_by`=`us`.`id`
ORDER BY `pd`.`id` ASC')
 4 SYSTEMPATH\Database\BaseBuilder.php(1644): CodeIgniter\Database\BaseConnection->query('SELECT `pd`.`name`, `pd`.`price`, `pd`.`stock_status`, `pd`.`created_at`, `pc`.`item`, `us`.`name`
FROM `products`
LEFT JOIN `product_category` `pc` ON `pd`.`category_id`=`pc`.`id`
LEFT JOIN `users` `us` ON `pd`.`created_by`=`us`.`id`
ORDER BY `pd`.`id` ASC', [], false)
 5 SYSTEMPATH\Model.php(286): CodeIgniter\Database\BaseBuilder->get()
 6 SYSTEMPATH\BaseModel.php(676): CodeIgniter\Model->doFindAll(0, 0)
 7 APPPATH\Controllers\Products.php(23): CodeIgniter\BaseModel->findAll()
 8 SYSTEMPATH\CodeIgniter.php(933): App\Controllers\Products->index()
 9 SYSTEMPATH\CodeIgniter.php(509): CodeIgniter\CodeIgniter->runController(Object(App\Controllers\Products))
10 SYSTEMPATH\CodeIgniter.php(355): CodeIgniter\CodeIgniter->handleRequest(null, Object(Config\Cache), false)
11 SYSTEMPATH\Boot.php(325): CodeIgniter\CodeIgniter->run()
12 SYSTEMPATH\Boot.php(67): CodeIgniter\Boot::runCodeIgniter(Object(CodeIgniter\CodeIgniter))
13 FCPATH\index.php(56): CodeIgniter\Boot::bootWeb(Object(Config\Paths))
ERROR - 2024-11-28 20:41:52 --> mysqli_sql_exception: Unknown column 'pd.name' in 'field list' in E:\xampp8.2\htdocs\test_cdnt\system\Database\MySQLi\Connection.php:312
Stack trace:
#0 E:\xampp8.2\htdocs\test_cdnt\system\Database\MySQLi\Connection.php(312): mysqli->query('SELECT `pd`.`na...', 0)
#1 E:\xampp8.2\htdocs\test_cdnt\system\Database\BaseConnection.php(734): CodeIgniter\Database\MySQLi\Connection->execute('SELECT `pd`.`na...')
#2 E:\xampp8.2\htdocs\test_cdnt\system\Database\BaseConnection.php(648): CodeIgniter\Database\BaseConnection->simpleQuery('SELECT `pd`.`na...')
#3 E:\xampp8.2\htdocs\test_cdnt\system\Database\BaseBuilder.php(1644): CodeIgniter\Database\BaseConnection->query('SELECT `pd`.`na...', Array, false)
#4 E:\xampp8.2\htdocs\test_cdnt\system\Model.php(286): CodeIgniter\Database\BaseBuilder->get()
#5 E:\xampp8.2\htdocs\test_cdnt\system\BaseModel.php(676): CodeIgniter\Model->doFindAll(0, 0)
#6 E:\xampp8.2\htdocs\test_cdnt\app\Controllers\Products.php(23): CodeIgniter\BaseModel->findAll()
#7 E:\xampp8.2\htdocs\test_cdnt\system\CodeIgniter.php(933): App\Controllers\Products->index()
#8 E:\xampp8.2\htdocs\test_cdnt\system\CodeIgniter.php(509): CodeIgniter\CodeIgniter->runController(Object(App\Controllers\Products))
#9 E:\xampp8.2\htdocs\test_cdnt\system\CodeIgniter.php(355): CodeIgniter\CodeIgniter->handleRequest(NULL, Object(Config\Cache), false)
#10 E:\xampp8.2\htdocs\test_cdnt\system\Boot.php(325): CodeIgniter\CodeIgniter->run()
#11 E:\xampp8.2\htdocs\test_cdnt\system\Boot.php(67): CodeIgniter\Boot::runCodeIgniter(Object(CodeIgniter\CodeIgniter))
#12 E:\xampp8.2\htdocs\test_cdnt\index.php(56): CodeIgniter\Boot::bootWeb(Object(Config\Paths))
#13 {main}
CRITICAL - 2024-11-28 20:41:52 --> CodeIgniter\Database\Exceptions\DatabaseException: Unknown column 'pd.name' in 'field list'
[Method: GET, Route: product-list]
in SYSTEMPATH\Database\BaseConnection.php on line 688.
 1 SYSTEMPATH\Database\BaseBuilder.php(1644): CodeIgniter\Database\BaseConnection->query('SELECT `pd`.`name`, `pd`.`price`, `pd`.`stock_status`, `pd`.`created_at`, `pc`.`item`, `us`.`name`
FROM `products`
LEFT JOIN `product_category` `pc` ON `pd`.`category_id`=`pc`.`id`
LEFT JOIN `users` `us` ON `pd`.`created_by`=`us`.`id`
ORDER BY `pd`.`id` ASC', [], false)
 2 SYSTEMPATH\Model.php(286): CodeIgniter\Database\BaseBuilder->get()
 3 SYSTEMPATH\BaseModel.php(676): CodeIgniter\Model->doFindAll(0, 0)
 4 APPPATH\Controllers\Products.php(23): CodeIgniter\BaseModel->findAll()
 5 SYSTEMPATH\CodeIgniter.php(933): App\Controllers\Products->index()
 6 SYSTEMPATH\CodeIgniter.php(509): CodeIgniter\CodeIgniter->runController(Object(App\Controllers\Products))
 7 SYSTEMPATH\CodeIgniter.php(355): CodeIgniter\CodeIgniter->handleRequest(null, Object(Config\Cache), false)
 8 SYSTEMPATH\Boot.php(325): CodeIgniter\CodeIgniter->run()
 9 SYSTEMPATH\Boot.php(67): CodeIgniter\Boot::runCodeIgniter(Object(CodeIgniter\CodeIgniter))
10 FCPATH\index.php(56): CodeIgniter\Boot::bootWeb(Object(Config\Paths))
CRITICAL - 2024-11-28 20:41:52 --> [Caused by] CodeIgniter\Database\Exceptions\DatabaseException: Unknown column 'pd.name' in 'field list'
in SYSTEMPATH\Database\MySQLi\Connection.php on line 317.
 1 SYSTEMPATH\Database\BaseConnection.php(734): CodeIgniter\Database\MySQLi\Connection->execute('SELECT `pd`.`name`, `pd`.`price`, `pd`.`stock_status`, `pd`.`created_at`, `pc`.`item`, `us`.`name`
FROM `products`
LEFT JOIN `product_category` `pc` ON `pd`.`category_id`=`pc`.`id`
LEFT JOIN `users` `us` ON `pd`.`created_by`=`us`.`id`
ORDER BY `pd`.`id` ASC')
 2 SYSTEMPATH\Database\BaseConnection.php(648): CodeIgniter\Database\BaseConnection->simpleQuery('SELECT `pd`.`name`, `pd`.`price`, `pd`.`stock_status`, `pd`.`created_at`, `pc`.`item`, `us`.`name`
FROM `products`
LEFT JOIN `product_category` `pc` ON `pd`.`category_id`=`pc`.`id`
LEFT JOIN `users` `us` ON `pd`.`created_by`=`us`.`id`
ORDER BY `pd`.`id` ASC')
 3 SYSTEMPATH\Database\BaseBuilder.php(1644): CodeIgniter\Database\BaseConnection->query('SELECT `pd`.`name`, `pd`.`price`, `pd`.`stock_status`, `pd`.`created_at`, `pc`.`item`, `us`.`name`
FROM `products`
LEFT JOIN `product_category` `pc` ON `pd`.`category_id`=`pc`.`id`
LEFT JOIN `users` `us` ON `pd`.`created_by`=`us`.`id`
ORDER BY `pd`.`id` ASC', [], false)
 4 SYSTEMPATH\Model.php(286): CodeIgniter\Database\BaseBuilder->get()
 5 SYSTEMPATH\BaseModel.php(676): CodeIgniter\Model->doFindAll(0, 0)
 6 APPPATH\Controllers\Products.php(23): CodeIgniter\BaseModel->findAll()
 7 SYSTEMPATH\CodeIgniter.php(933): App\Controllers\Products->index()
 8 SYSTEMPATH\CodeIgniter.php(509): CodeIgniter\CodeIgniter->runController(Object(App\Controllers\Products))
 9 SYSTEMPATH\CodeIgniter.php(355): CodeIgniter\CodeIgniter->handleRequest(null, Object(Config\Cache), false)
10 SYSTEMPATH\Boot.php(325): CodeIgniter\CodeIgniter->run()
11 SYSTEMPATH\Boot.php(67): CodeIgniter\Boot::runCodeIgniter(Object(CodeIgniter\CodeIgniter))
12 FCPATH\index.php(56): CodeIgniter\Boot::bootWeb(Object(Config\Paths))
CRITICAL - 2024-11-28 20:41:52 --> [Caused by] mysqli_sql_exception: Unknown column 'pd.name' in 'field list'
in SYSTEMPATH\Database\MySQLi\Connection.php on line 312.
 1 SYSTEMPATH\Database\MySQLi\Connection.php(312): mysqli->query('SELECT `pd`.`name`, `pd`.`price`, `pd`.`stock_status`, `pd`.`created_at`, `pc`.`item`, `us`.`name`
FROM `products`
LEFT JOIN `product_category` `pc` ON `pd`.`category_id`=`pc`.`id`
LEFT JOIN `users` `us` ON `pd`.`created_by`=`us`.`id`
ORDER BY `pd`.`id` ASC', 0)
 2 SYSTEMPATH\Database\BaseConnection.php(734): CodeIgniter\Database\MySQLi\Connection->execute('SELECT `pd`.`name`, `pd`.`price`, `pd`.`stock_status`, `pd`.`created_at`, `pc`.`item`, `us`.`name`
FROM `products`
LEFT JOIN `product_category` `pc` ON `pd`.`category_id`=`pc`.`id`
LEFT JOIN `users` `us` ON `pd`.`created_by`=`us`.`id`
ORDER BY `pd`.`id` ASC')
 3 SYSTEMPATH\Database\BaseConnection.php(648): CodeIgniter\Database\BaseConnection->simpleQuery('SELECT `pd`.`name`, `pd`.`price`, `pd`.`stock_status`, `pd`.`created_at`, `pc`.`item`, `us`.`name`
FROM `products`
LEFT JOIN `product_category` `pc` ON `pd`.`category_id`=`pc`.`id`
LEFT JOIN `users` `us` ON `pd`.`created_by`=`us`.`id`
ORDER BY `pd`.`id` ASC')
 4 SYSTEMPATH\Database\BaseBuilder.php(1644): CodeIgniter\Database\BaseConnection->query('SELECT `pd`.`name`, `pd`.`price`, `pd`.`stock_status`, `pd`.`created_at`, `pc`.`item`, `us`.`name`
FROM `products`
LEFT JOIN `product_category` `pc` ON `pd`.`category_id`=`pc`.`id`
LEFT JOIN `users` `us` ON `pd`.`created_by`=`us`.`id`
ORDER BY `pd`.`id` ASC', [], false)
 5 SYSTEMPATH\Model.php(286): CodeIgniter\Database\BaseBuilder->get()
 6 SYSTEMPATH\BaseModel.php(676): CodeIgniter\Model->doFindAll(0, 0)
 7 APPPATH\Controllers\Products.php(23): CodeIgniter\BaseModel->findAll()
 8 SYSTEMPATH\CodeIgniter.php(933): App\Controllers\Products->index()
 9 SYSTEMPATH\CodeIgniter.php(509): CodeIgniter\CodeIgniter->runController(Object(App\Controllers\Products))
10 SYSTEMPATH\CodeIgniter.php(355): CodeIgniter\CodeIgniter->handleRequest(null, Object(Config\Cache), false)
11 SYSTEMPATH\Boot.php(325): CodeIgniter\CodeIgniter->run()
12 SYSTEMPATH\Boot.php(67): CodeIgniter\Boot::runCodeIgniter(Object(CodeIgniter\CodeIgniter))
13 FCPATH\index.php(56): CodeIgniter\Boot::bootWeb(Object(Config\Paths))
ERROR - 2024-11-28 20:41:58 --> mysqli_sql_exception: Unknown column 'pd.name' in 'field list' in E:\xampp8.2\htdocs\test_cdnt\system\Database\MySQLi\Connection.php:312
Stack trace:
#0 E:\xampp8.2\htdocs\test_cdnt\system\Database\MySQLi\Connection.php(312): mysqli->query('SELECT `pd`.`na...', 0)
#1 E:\xampp8.2\htdocs\test_cdnt\system\Database\BaseConnection.php(734): CodeIgniter\Database\MySQLi\Connection->execute('SELECT `pd`.`na...')
#2 E:\xampp8.2\htdocs\test_cdnt\system\Database\BaseConnection.php(648): CodeIgniter\Database\BaseConnection->simpleQuery('SELECT `pd`.`na...')
#3 E:\xampp8.2\htdocs\test_cdnt\system\Database\BaseBuilder.php(1644): CodeIgniter\Database\BaseConnection->query('SELECT `pd`.`na...', Array, false)
#4 E:\xampp8.2\htdocs\test_cdnt\system\Model.php(286): CodeIgniter\Database\BaseBuilder->get()
#5 E:\xampp8.2\htdocs\test_cdnt\system\BaseModel.php(676): CodeIgniter\Model->doFindAll(0, 0)
#6 E:\xampp8.2\htdocs\test_cdnt\app\Controllers\Products.php(23): CodeIgniter\BaseModel->findAll()
#7 E:\xampp8.2\htdocs\test_cdnt\system\CodeIgniter.php(933): App\Controllers\Products->index()
#8 E:\xampp8.2\htdocs\test_cdnt\system\CodeIgniter.php(509): CodeIgniter\CodeIgniter->runController(Object(App\Controllers\Products))
#9 E:\xampp8.2\htdocs\test_cdnt\system\CodeIgniter.php(355): CodeIgniter\CodeIgniter->handleRequest(NULL, Object(Config\Cache), false)
#10 E:\xampp8.2\htdocs\test_cdnt\system\Boot.php(325): CodeIgniter\CodeIgniter->run()
#11 E:\xampp8.2\htdocs\test_cdnt\system\Boot.php(67): CodeIgniter\Boot::runCodeIgniter(Object(CodeIgniter\CodeIgniter))
#12 E:\xampp8.2\htdocs\test_cdnt\index.php(56): CodeIgniter\Boot::bootWeb(Object(Config\Paths))
#13 {main}
CRITICAL - 2024-11-28 20:41:58 --> CodeIgniter\Database\Exceptions\DatabaseException: Unknown column 'pd.name' in 'field list'
[Method: GET, Route: product-list]
in SYSTEMPATH\Database\BaseConnection.php on line 688.
 1 SYSTEMPATH\Database\BaseBuilder.php(1644): CodeIgniter\Database\BaseConnection->query('SELECT `pd`.`name`, `pd`.`price`, `pd`.`stock_status`, `pd`.`created_at`, `pc`.`item`, `us`.`name`
FROM `products`
LEFT JOIN `product_category` `pc` ON `pd`.`category_id`=`pc`.`id`
LEFT JOIN `users` `us` ON `pd`.`created_by`=`us`.`id`
ORDER BY `pd`.`id` ASC', [], false)
 2 SYSTEMPATH\Model.php(286): CodeIgniter\Database\BaseBuilder->get()
 3 SYSTEMPATH\BaseModel.php(676): CodeIgniter\Model->doFindAll(0, 0)
 4 APPPATH\Controllers\Products.php(23): CodeIgniter\BaseModel->findAll()
 5 SYSTEMPATH\CodeIgniter.php(933): App\Controllers\Products->index()
 6 SYSTEMPATH\CodeIgniter.php(509): CodeIgniter\CodeIgniter->runController(Object(App\Controllers\Products))
 7 SYSTEMPATH\CodeIgniter.php(355): CodeIgniter\CodeIgniter->handleRequest(null, Object(Config\Cache), false)
 8 SYSTEMPATH\Boot.php(325): CodeIgniter\CodeIgniter->run()
 9 SYSTEMPATH\Boot.php(67): CodeIgniter\Boot::runCodeIgniter(Object(CodeIgniter\CodeIgniter))
10 FCPATH\index.php(56): CodeIgniter\Boot::bootWeb(Object(Config\Paths))
CRITICAL - 2024-11-28 20:41:58 --> [Caused by] CodeIgniter\Database\Exceptions\DatabaseException: Unknown column 'pd.name' in 'field list'
in SYSTEMPATH\Database\MySQLi\Connection.php on line 317.
 1 SYSTEMPATH\Database\BaseConnection.php(734): CodeIgniter\Database\MySQLi\Connection->execute('SELECT `pd`.`name`, `pd`.`price`, `pd`.`stock_status`, `pd`.`created_at`, `pc`.`item`, `us`.`name`
FROM `products`
LEFT JOIN `product_category` `pc` ON `pd`.`category_id`=`pc`.`id`
LEFT JOIN `users` `us` ON `pd`.`created_by`=`us`.`id`
ORDER BY `pd`.`id` ASC')
 2 SYSTEMPATH\Database\BaseConnection.php(648): CodeIgniter\Database\BaseConnection->simpleQuery('SELECT `pd`.`name`, `pd`.`price`, `pd`.`stock_status`, `pd`.`created_at`, `pc`.`item`, `us`.`name`
FROM `products`
LEFT JOIN `product_category` `pc` ON `pd`.`category_id`=`pc`.`id`
LEFT JOIN `users` `us` ON `pd`.`created_by`=`us`.`id`
ORDER BY `pd`.`id` ASC')
 3 SYSTEMPATH\Database\BaseBuilder.php(1644): CodeIgniter\Database\BaseConnection->query('SELECT `pd`.`name`, `pd`.`price`, `pd`.`stock_status`, `pd`.`created_at`, `pc`.`item`, `us`.`name`
FROM `products`
LEFT JOIN `product_category` `pc` ON `pd`.`category_id`=`pc`.`id`
LEFT JOIN `users` `us` ON `pd`.`created_by`=`us`.`id`
ORDER BY `pd`.`id` ASC', [], false)
 4 SYSTEMPATH\Model.php(286): CodeIgniter\Database\BaseBuilder->get()
 5 SYSTEMPATH\BaseModel.php(676): CodeIgniter\Model->doFindAll(0, 0)
 6 APPPATH\Controllers\Products.php(23): CodeIgniter\BaseModel->findAll()
 7 SYSTEMPATH\CodeIgniter.php(933): App\Controllers\Products->index()
 8 SYSTEMPATH\CodeIgniter.php(509): CodeIgniter\CodeIgniter->runController(Object(App\Controllers\Products))
 9 SYSTEMPATH\CodeIgniter.php(355): CodeIgniter\CodeIgniter->handleRequest(null, Object(Config\Cache), false)
10 SYSTEMPATH\Boot.php(325): CodeIgniter\CodeIgniter->run()
11 SYSTEMPATH\Boot.php(67): CodeIgniter\Boot::runCodeIgniter(Object(CodeIgniter\CodeIgniter))
12 FCPATH\index.php(56): CodeIgniter\Boot::bootWeb(Object(Config\Paths))
CRITICAL - 2024-11-28 20:41:58 --> [Caused by] mysqli_sql_exception: Unknown column 'pd.name' in 'field list'
in SYSTEMPATH\Database\MySQLi\Connection.php on line 312.
 1 SYSTEMPATH\Database\MySQLi\Connection.php(312): mysqli->query('SELECT `pd`.`name`, `pd`.`price`, `pd`.`stock_status`, `pd`.`created_at`, `pc`.`item`, `us`.`name`
FROM `products`
LEFT JOIN `product_category` `pc` ON `pd`.`category_id`=`pc`.`id`
LEFT JOIN `users` `us` ON `pd`.`created_by`=`us`.`id`
ORDER BY `pd`.`id` ASC', 0)
 2 SYSTEMPATH\Database\BaseConnection.php(734): CodeIgniter\Database\MySQLi\Connection->execute('SELECT `pd`.`name`, `pd`.`price`, `pd`.`stock_status`, `pd`.`created_at`, `pc`.`item`, `us`.`name`
FROM `products`
LEFT JOIN `product_category` `pc` ON `pd`.`category_id`=`pc`.`id`
LEFT JOIN `users` `us` ON `pd`.`created_by`=`us`.`id`
ORDER BY `pd`.`id` ASC')
 3 SYSTEMPATH\Database\BaseConnection.php(648): CodeIgniter\Database\BaseConnection->simpleQuery('SELECT `pd`.`name`, `pd`.`price`, `pd`.`stock_status`, `pd`.`created_at`, `pc`.`item`, `us`.`name`
FROM `products`
LEFT JOIN `product_category` `pc` ON `pd`.`category_id`=`pc`.`id`
LEFT JOIN `users` `us` ON `pd`.`created_by`=`us`.`id`
ORDER BY `pd`.`id` ASC')
 4 SYSTEMPATH\Database\BaseBuilder.php(1644): CodeIgniter\Database\BaseConnection->query('SELECT `pd`.`name`, `pd`.`price`, `pd`.`stock_status`, `pd`.`created_at`, `pc`.`item`, `us`.`name`
FROM `products`
LEFT JOIN `product_category` `pc` ON `pd`.`category_id`=`pc`.`id`
LEFT JOIN `users` `us` ON `pd`.`created_by`=`us`.`id`
ORDER BY `pd`.`id` ASC', [], false)
 5 SYSTEMPATH\Model.php(286): CodeIgniter\Database\BaseBuilder->get()
 6 SYSTEMPATH\BaseModel.php(676): CodeIgniter\Model->doFindAll(0, 0)
 7 APPPATH\Controllers\Products.php(23): CodeIgniter\BaseModel->findAll()
 8 SYSTEMPATH\CodeIgniter.php(933): App\Controllers\Products->index()
 9 SYSTEMPATH\CodeIgniter.php(509): CodeIgniter\CodeIgniter->runController(Object(App\Controllers\Products))
10 SYSTEMPATH\CodeIgniter.php(355): CodeIgniter\CodeIgniter->handleRequest(null, Object(Config\Cache), false)
11 SYSTEMPATH\Boot.php(325): CodeIgniter\CodeIgniter->run()
12 SYSTEMPATH\Boot.php(67): CodeIgniter\Boot::runCodeIgniter(Object(CodeIgniter\CodeIgniter))
13 FCPATH\index.php(56): CodeIgniter\Boot::bootWeb(Object(Config\Paths))
ERROR - 2024-11-28 20:42:09 --> mysqli_sql_exception: Unknown column 'pd.category_id' in 'on clause' in E:\xampp8.2\htdocs\test_cdnt\system\Database\MySQLi\Connection.php:312
Stack trace:
#0 E:\xampp8.2\htdocs\test_cdnt\system\Database\MySQLi\Connection.php(312): mysqli->query('SELECT `pd`.`na...', 0)
#1 E:\xampp8.2\htdocs\test_cdnt\system\Database\BaseConnection.php(734): CodeIgniter\Database\MySQLi\Connection->execute('SELECT `pd`.`na...')
#2 E:\xampp8.2\htdocs\test_cdnt\system\Database\BaseConnection.php(648): CodeIgniter\Database\BaseConnection->simpleQuery('SELECT `pd`.`na...')
#3 E:\xampp8.2\htdocs\test_cdnt\system\Database\BaseBuilder.php(1644): CodeIgniter\Database\BaseConnection->query('SELECT `pd`.`na...', Array, false)
#4 E:\xampp8.2\htdocs\test_cdnt\system\Model.php(286): CodeIgniter\Database\BaseBuilder->get()
#5 E:\xampp8.2\htdocs\test_cdnt\system\BaseModel.php(676): CodeIgniter\Model->doFindAll(0, 0)
#6 E:\xampp8.2\htdocs\test_cdnt\app\Controllers\Products.php(23): CodeIgniter\BaseModel->findAll()
#7 E:\xampp8.2\htdocs\test_cdnt\system\CodeIgniter.php(933): App\Controllers\Products->index()
#8 E:\xampp8.2\htdocs\test_cdnt\system\CodeIgniter.php(509): CodeIgniter\CodeIgniter->runController(Object(App\Controllers\Products))
#9 E:\xampp8.2\htdocs\test_cdnt\system\CodeIgniter.php(355): CodeIgniter\CodeIgniter->handleRequest(NULL, Object(Config\Cache), false)
#10 E:\xampp8.2\htdocs\test_cdnt\system\Boot.php(325): CodeIgniter\CodeIgniter->run()
#11 E:\xampp8.2\htdocs\test_cdnt\system\Boot.php(67): CodeIgniter\Boot::runCodeIgniter(Object(CodeIgniter\CodeIgniter))
#12 E:\xampp8.2\htdocs\test_cdnt\index.php(56): CodeIgniter\Boot::bootWeb(Object(Config\Paths))
#13 {main}
CRITICAL - 2024-11-28 20:42:09 --> CodeIgniter\Database\Exceptions\DatabaseException: Unknown column 'pd.category_id' in 'on clause'
[Method: GET, Route: product-list]
in SYSTEMPATH\Database\BaseConnection.php on line 688.
 1 SYSTEMPATH\Database\BaseBuilder.php(1644): CodeIgniter\Database\BaseConnection->query('SELECT `pd`.`name`, `pd`.`price`, `pd`.`stock_status`, `pd`.`created_at`, `pc`.`item`, `us`.`name`
FROM `products` `pd`
LEFT JOIN `product_category` `pc` ON `pd`.`category_id`=`pc`.`id`
LEFT JOIN `users` `us` ON `pd`.`created_by`=`us`.`id`
ORDER BY `pd`.`id` ASC', [], false)
 2 SYSTEMPATH\Model.php(286): CodeIgniter\Database\BaseBuilder->get()
 3 SYSTEMPATH\BaseModel.php(676): CodeIgniter\Model->doFindAll(0, 0)
 4 APPPATH\Controllers\Products.php(23): CodeIgniter\BaseModel->findAll()
 5 SYSTEMPATH\CodeIgniter.php(933): App\Controllers\Products->index()
 6 SYSTEMPATH\CodeIgniter.php(509): CodeIgniter\CodeIgniter->runController(Object(App\Controllers\Products))
 7 SYSTEMPATH\CodeIgniter.php(355): CodeIgniter\CodeIgniter->handleRequest(null, Object(Config\Cache), false)
 8 SYSTEMPATH\Boot.php(325): CodeIgniter\CodeIgniter->run()
 9 SYSTEMPATH\Boot.php(67): CodeIgniter\Boot::runCodeIgniter(Object(CodeIgniter\CodeIgniter))
10 FCPATH\index.php(56): CodeIgniter\Boot::bootWeb(Object(Config\Paths))
CRITICAL - 2024-11-28 20:42:09 --> [Caused by] CodeIgniter\Database\Exceptions\DatabaseException: Unknown column 'pd.category_id' in 'on clause'
in SYSTEMPATH\Database\MySQLi\Connection.php on line 317.
 1 SYSTEMPATH\Database\BaseConnection.php(734): CodeIgniter\Database\MySQLi\Connection->execute('SELECT `pd`.`name`, `pd`.`price`, `pd`.`stock_status`, `pd`.`created_at`, `pc`.`item`, `us`.`name`
FROM `products` `pd`
LEFT JOIN `product_category` `pc` ON `pd`.`category_id`=`pc`.`id`
LEFT JOIN `users` `us` ON `pd`.`created_by`=`us`.`id`
ORDER BY `pd`.`id` ASC')
 2 SYSTEMPATH\Database\BaseConnection.php(648): CodeIgniter\Database\BaseConnection->simpleQuery('SELECT `pd`.`name`, `pd`.`price`, `pd`.`stock_status`, `pd`.`created_at`, `pc`.`item`, `us`.`name`
FROM `products` `pd`
LEFT JOIN `product_category` `pc` ON `pd`.`category_id`=`pc`.`id`
LEFT JOIN `users` `us` ON `pd`.`created_by`=`us`.`id`
ORDER BY `pd`.`id` ASC')
 3 SYSTEMPATH\Database\BaseBuilder.php(1644): CodeIgniter\Database\BaseConnection->query('SELECT `pd`.`name`, `pd`.`price`, `pd`.`stock_status`, `pd`.`created_at`, `pc`.`item`, `us`.`name`
FROM `products` `pd`
LEFT JOIN `product_category` `pc` ON `pd`.`category_id`=`pc`.`id`
LEFT JOIN `users` `us` ON `pd`.`created_by`=`us`.`id`
ORDER BY `pd`.`id` ASC', [], false)
 4 SYSTEMPATH\Model.php(286): CodeIgniter\Database\BaseBuilder->get()
 5 SYSTEMPATH\BaseModel.php(676): CodeIgniter\Model->doFindAll(0, 0)
 6 APPPATH\Controllers\Products.php(23): CodeIgniter\BaseModel->findAll()
 7 SYSTEMPATH\CodeIgniter.php(933): App\Controllers\Products->index()
 8 SYSTEMPATH\CodeIgniter.php(509): CodeIgniter\CodeIgniter->runController(Object(App\Controllers\Products))
 9 SYSTEMPATH\CodeIgniter.php(355): CodeIgniter\CodeIgniter->handleRequest(null, Object(Config\Cache), false)
10 SYSTEMPATH\Boot.php(325): CodeIgniter\CodeIgniter->run()
11 SYSTEMPATH\Boot.php(67): CodeIgniter\Boot::runCodeIgniter(Object(CodeIgniter\CodeIgniter))
12 FCPATH\index.php(56): CodeIgniter\Boot::bootWeb(Object(Config\Paths))
CRITICAL - 2024-11-28 20:42:09 --> [Caused by] mysqli_sql_exception: Unknown column 'pd.category_id' in 'on clause'
in SYSTEMPATH\Database\MySQLi\Connection.php on line 312.
 1 SYSTEMPATH\Database\MySQLi\Connection.php(312): mysqli->query('SELECT `pd`.`name`, `pd`.`price`, `pd`.`stock_status`, `pd`.`created_at`, `pc`.`item`, `us`.`name`
FROM `products` `pd`
LEFT JOIN `product_category` `pc` ON `pd`.`category_id`=`pc`.`id`
LEFT JOIN `users` `us` ON `pd`.`created_by`=`us`.`id`
ORDER BY `pd`.`id` ASC', 0)
 2 SYSTEMPATH\Database\BaseConnection.php(734): CodeIgniter\Database\MySQLi\Connection->execute('SELECT `pd`.`name`, `pd`.`price`, `pd`.`stock_status`, `pd`.`created_at`, `pc`.`item`, `us`.`name`
FROM `products` `pd`
LEFT JOIN `product_category` `pc` ON `pd`.`category_id`=`pc`.`id`
LEFT JOIN `users` `us` ON `pd`.`created_by`=`us`.`id`
ORDER BY `pd`.`id` ASC')
 3 SYSTEMPATH\Database\BaseConnection.php(648): CodeIgniter\Database\BaseConnection->simpleQuery('SELECT `pd`.`name`, `pd`.`price`, `pd`.`stock_status`, `pd`.`created_at`, `pc`.`item`, `us`.`name`
FROM `products` `pd`
LEFT JOIN `product_category` `pc` ON `pd`.`category_id`=`pc`.`id`
LEFT JOIN `users` `us` ON `pd`.`created_by`=`us`.`id`
ORDER BY `pd`.`id` ASC')
 4 SYSTEMPATH\Database\BaseBuilder.php(1644): CodeIgniter\Database\BaseConnection->query('SELECT `pd`.`name`, `pd`.`price`, `pd`.`stock_status`, `pd`.`created_at`, `pc`.`item`, `us`.`name`
FROM `products` `pd`
LEFT JOIN `product_category` `pc` ON `pd`.`category_id`=`pc`.`id`
LEFT JOIN `users` `us` ON `pd`.`created_by`=`us`.`id`
ORDER BY `pd`.`id` ASC', [], false)
 5 SYSTEMPATH\Model.php(286): CodeIgniter\Database\BaseBuilder->get()
 6 SYSTEMPATH\BaseModel.php(676): CodeIgniter\Model->doFindAll(0, 0)
 7 APPPATH\Controllers\Products.php(23): CodeIgniter\BaseModel->findAll()
 8 SYSTEMPATH\CodeIgniter.php(933): App\Controllers\Products->index()
 9 SYSTEMPATH\CodeIgniter.php(509): CodeIgniter\CodeIgniter->runController(Object(App\Controllers\Products))
10 SYSTEMPATH\CodeIgniter.php(355): CodeIgniter\CodeIgniter->handleRequest(null, Object(Config\Cache), false)
11 SYSTEMPATH\Boot.php(325): CodeIgniter\CodeIgniter->run()
12 SYSTEMPATH\Boot.php(67): CodeIgniter\Boot::runCodeIgniter(Object(CodeIgniter\CodeIgniter))
13 FCPATH\index.php(56): CodeIgniter\Boot::bootWeb(Object(Config\Paths))
ERROR - 2024-11-28 20:42:19 --> mysqli_sql_exception: Unknown column 'pd.category_id' in 'on clause' in E:\xampp8.2\htdocs\test_cdnt\system\Database\MySQLi\Connection.php:312
Stack trace:
#0 E:\xampp8.2\htdocs\test_cdnt\system\Database\MySQLi\Connection.php(312): mysqli->query('SELECT `pd`.`na...', 0)
#1 E:\xampp8.2\htdocs\test_cdnt\system\Database\BaseConnection.php(734): CodeIgniter\Database\MySQLi\Connection->execute('SELECT `pd`.`na...')
#2 E:\xampp8.2\htdocs\test_cdnt\system\Database\BaseConnection.php(648): CodeIgniter\Database\BaseConnection->simpleQuery('SELECT `pd`.`na...')
#3 E:\xampp8.2\htdocs\test_cdnt\system\Database\BaseBuilder.php(1644): CodeIgniter\Database\BaseConnection->query('SELECT `pd`.`na...', Array, false)
#4 E:\xampp8.2\htdocs\test_cdnt\system\Model.php(286): CodeIgniter\Database\BaseBuilder->get()
#5 E:\xampp8.2\htdocs\test_cdnt\system\BaseModel.php(676): CodeIgniter\Model->doFindAll(0, 0)
#6 E:\xampp8.2\htdocs\test_cdnt\app\Controllers\Products.php(23): CodeIgniter\BaseModel->findAll()
#7 E:\xampp8.2\htdocs\test_cdnt\system\CodeIgniter.php(933): App\Controllers\Products->index()
#8 E:\xampp8.2\htdocs\test_cdnt\system\CodeIgniter.php(509): CodeIgniter\CodeIgniter->runController(Object(App\Controllers\Products))
#9 E:\xampp8.2\htdocs\test_cdnt\system\CodeIgniter.php(355): CodeIgniter\CodeIgniter->handleRequest(NULL, Object(Config\Cache), false)
#10 E:\xampp8.2\htdocs\test_cdnt\system\Boot.php(325): CodeIgniter\CodeIgniter->run()
#11 E:\xampp8.2\htdocs\test_cdnt\system\Boot.php(67): CodeIgniter\Boot::runCodeIgniter(Object(CodeIgniter\CodeIgniter))
#12 E:\xampp8.2\htdocs\test_cdnt\index.php(56): CodeIgniter\Boot::bootWeb(Object(Config\Paths))
#13 {main}
CRITICAL - 2024-11-28 20:42:19 --> CodeIgniter\Database\Exceptions\DatabaseException: Unknown column 'pd.category_id' in 'on clause'
[Method: GET, Route: product-list]
in SYSTEMPATH\Database\BaseConnection.php on line 688.
 1 SYSTEMPATH\Database\BaseBuilder.php(1644): CodeIgniter\Database\BaseConnection->query('SELECT `pd`.`name`, `pd`.`price`, `pd`.`stock_status`, `pd`.`created_at`, `pc`.`item`, `us`.`name`
FROM `products` `pd`
LEFT JOIN `product_category` `pc` ON `pd`.`category_id`=`pc`.`id`
LEFT JOIN `users` `us` ON `pd`.`created_by`=`us`.`id`
ORDER BY `pd`.`id` ASC', [], false)
 2 SYSTEMPATH\Model.php(286): CodeIgniter\Database\BaseBuilder->get()
 3 SYSTEMPATH\BaseModel.php(676): CodeIgniter\Model->doFindAll(0, 0)
 4 APPPATH\Controllers\Products.php(23): CodeIgniter\BaseModel->findAll()
 5 SYSTEMPATH\CodeIgniter.php(933): App\Controllers\Products->index()
 6 SYSTEMPATH\CodeIgniter.php(509): CodeIgniter\CodeIgniter->runController(Object(App\Controllers\Products))
 7 SYSTEMPATH\CodeIgniter.php(355): CodeIgniter\CodeIgniter->handleRequest(null, Object(Config\Cache), false)
 8 SYSTEMPATH\Boot.php(325): CodeIgniter\CodeIgniter->run()
 9 SYSTEMPATH\Boot.php(67): CodeIgniter\Boot::runCodeIgniter(Object(CodeIgniter\CodeIgniter))
10 FCPATH\index.php(56): CodeIgniter\Boot::bootWeb(Object(Config\Paths))
CRITICAL - 2024-11-28 20:42:19 --> [Caused by] CodeIgniter\Database\Exceptions\DatabaseException: Unknown column 'pd.category_id' in 'on clause'
in SYSTEMPATH\Database\MySQLi\Connection.php on line 317.
 1 SYSTEMPATH\Database\BaseConnection.php(734): CodeIgniter\Database\MySQLi\Connection->execute('SELECT `pd`.`name`, `pd`.`price`, `pd`.`stock_status`, `pd`.`created_at`, `pc`.`item`, `us`.`name`
FROM `products` `pd`
LEFT JOIN `product_category` `pc` ON `pd`.`category_id`=`pc`.`id`
LEFT JOIN `users` `us` ON `pd`.`created_by`=`us`.`id`
ORDER BY `pd`.`id` ASC')
 2 SYSTEMPATH\Database\BaseConnection.php(648): CodeIgniter\Database\BaseConnection->simpleQuery('SELECT `pd`.`name`, `pd`.`price`, `pd`.`stock_status`, `pd`.`created_at`, `pc`.`item`, `us`.`name`
FROM `products` `pd`
LEFT JOIN `product_category` `pc` ON `pd`.`category_id`=`pc`.`id`
LEFT JOIN `users` `us` ON `pd`.`created_by`=`us`.`id`
ORDER BY `pd`.`id` ASC')
 3 SYSTEMPATH\Database\BaseBuilder.php(1644): CodeIgniter\Database\BaseConnection->query('SELECT `pd`.`name`, `pd`.`price`, `pd`.`stock_status`, `pd`.`created_at`, `pc`.`item`, `us`.`name`
FROM `products` `pd`
LEFT JOIN `product_category` `pc` ON `pd`.`category_id`=`pc`.`id`
LEFT JOIN `users` `us` ON `pd`.`created_by`=`us`.`id`
ORDER BY `pd`.`id` ASC', [], false)
 4 SYSTEMPATH\Model.php(286): CodeIgniter\Database\BaseBuilder->get()
 5 SYSTEMPATH\BaseModel.php(676): CodeIgniter\Model->doFindAll(0, 0)
 6 APPPATH\Controllers\Products.php(23): CodeIgniter\BaseModel->findAll()
 7 SYSTEMPATH\CodeIgniter.php(933): App\Controllers\Products->index()
 8 SYSTEMPATH\CodeIgniter.php(509): CodeIgniter\CodeIgniter->runController(Object(App\Controllers\Products))
 9 SYSTEMPATH\CodeIgniter.php(355): CodeIgniter\CodeIgniter->handleRequest(null, Object(Config\Cache), false)
10 SYSTEMPATH\Boot.php(325): CodeIgniter\CodeIgniter->run()
11 SYSTEMPATH\Boot.php(67): CodeIgniter\Boot::runCodeIgniter(Object(CodeIgniter\CodeIgniter))
12 FCPATH\index.php(56): CodeIgniter\Boot::bootWeb(Object(Config\Paths))
CRITICAL - 2024-11-28 20:42:19 --> [Caused by] mysqli_sql_exception: Unknown column 'pd.category_id' in 'on clause'
in SYSTEMPATH\Database\MySQLi\Connection.php on line 312.
 1 SYSTEMPATH\Database\MySQLi\Connection.php(312): mysqli->query('SELECT `pd`.`name`, `pd`.`price`, `pd`.`stock_status`, `pd`.`created_at`, `pc`.`item`, `us`.`name`
FROM `products` `pd`
LEFT JOIN `product_category` `pc` ON `pd`.`category_id`=`pc`.`id`
LEFT JOIN `users` `us` ON `pd`.`created_by`=`us`.`id`
ORDER BY `pd`.`id` ASC', 0)
 2 SYSTEMPATH\Database\BaseConnection.php(734): CodeIgniter\Database\MySQLi\Connection->execute('SELECT `pd`.`name`, `pd`.`price`, `pd`.`stock_status`, `pd`.`created_at`, `pc`.`item`, `us`.`name`
FROM `products` `pd`
LEFT JOIN `product_category` `pc` ON `pd`.`category_id`=`pc`.`id`
LEFT JOIN `users` `us` ON `pd`.`created_by`=`us`.`id`
ORDER BY `pd`.`id` ASC')
 3 SYSTEMPATH\Database\BaseConnection.php(648): CodeIgniter\Database\BaseConnection->simpleQuery('SELECT `pd`.`name`, `pd`.`price`, `pd`.`stock_status`, `pd`.`created_at`, `pc`.`item`, `us`.`name`
FROM `products` `pd`
LEFT JOIN `product_category` `pc` ON `pd`.`category_id`=`pc`.`id`
LEFT JOIN `users` `us` ON `pd`.`created_by`=`us`.`id`
ORDER BY `pd`.`id` ASC')
 4 SYSTEMPATH\Database\BaseBuilder.php(1644): CodeIgniter\Database\BaseConnection->query('SELECT `pd`.`name`, `pd`.`price`, `pd`.`stock_status`, `pd`.`created_at`, `pc`.`item`, `us`.`name`
FROM `products` `pd`
LEFT JOIN `product_category` `pc` ON `pd`.`category_id`=`pc`.`id`
LEFT JOIN `users` `us` ON `pd`.`created_by`=`us`.`id`
ORDER BY `pd`.`id` ASC', [], false)
 5 SYSTEMPATH\Model.php(286): CodeIgniter\Database\BaseBuilder->get()
 6 SYSTEMPATH\BaseModel.php(676): CodeIgniter\Model->doFindAll(0, 0)
 7 APPPATH\Controllers\Products.php(23): CodeIgniter\BaseModel->findAll()
 8 SYSTEMPATH\CodeIgniter.php(933): App\Controllers\Products->index()
 9 SYSTEMPATH\CodeIgniter.php(509): CodeIgniter\CodeIgniter->runController(Object(App\Controllers\Products))
10 SYSTEMPATH\CodeIgniter.php(355): CodeIgniter\CodeIgniter->handleRequest(null, Object(Config\Cache), false)
11 SYSTEMPATH\Boot.php(325): CodeIgniter\CodeIgniter->run()
12 SYSTEMPATH\Boot.php(67): CodeIgniter\Boot::runCodeIgniter(Object(CodeIgniter\CodeIgniter))
13 FCPATH\index.php(56): CodeIgniter\Boot::bootWeb(Object(Config\Paths))
CRITICAL - 2024-11-28 23:18:37 --> ErrorException: Undefined variable $title
[Method: GET, Route: product-list]
in APPPATH\Views\layout.php on line 6.
 1 APPPATH\Views\layout.php(6): CodeIgniter\Debug\Exceptions->errorHandler(2, 'Undefined variable $title', 'E:\\xampp8.2\\htdocs\\test_cdnt\\app\\Views\\layout.php', 6)
 2 SYSTEMPATH\View\View.php(234): include('E:\\xampp8.2\\htdocs\\test_cdnt\\app\\Views\\layout.php')
 3 SYSTEMPATH\View\View.php(237): CodeIgniter\View\View->CodeIgniter\View\{closure}()
 4 SYSTEMPATH\View\View.php(250): CodeIgniter\View\View->render('layout', [], true)
 5 SYSTEMPATH\Common.php(1171): CodeIgniter\View\View->render('products', [], true)
 6 APPPATH\Controllers\Products.php(26): view('products')
 7 SYSTEMPATH\CodeIgniter.php(933): App\Controllers\Products->index()
 8 SYSTEMPATH\CodeIgniter.php(509): CodeIgniter\CodeIgniter->runController(Object(App\Controllers\Products))
 9 SYSTEMPATH\CodeIgniter.php(355): CodeIgniter\CodeIgniter->handleRequest(null, Object(Config\Cache), false)
10 SYSTEMPATH\Boot.php(325): CodeIgniter\CodeIgniter->run()
11 SYSTEMPATH\Boot.php(67): CodeIgniter\Boot::runCodeIgniter(Object(CodeIgniter\CodeIgniter))
12 FCPATH\index.php(56): CodeIgniter\Boot::bootWeb(Object(Config\Paths))
